sample.interval=20000
"parse" "stopifnot" "lazy_" "as.lazy.character" "FUN" "lapply" "structure" "as.lazy_dots.list" "as.lazy_dots" "<Anonymous>" "select_.data.frame" "<Anonymous>" "irrad_spct" "e_irrad.source_spct" "e_irrad" 
"FUN" "lapply" "do.call" "is.na.data.frame" "is.na" "is.na" "normalize_range_arg" "trim_waveband" "irrad_spct" "e_irrad.source_spct" "e_irrad" 
"parse" "stopifnot" "lazy_" "as.lazy.character" "FUN" "lapply" "structure" "as.lazy_dots.list" "as.lazy_dots" "<Anonymous>" "select_.data.frame" "<Anonymous>" "irrad_spct" "e_irrad.source_spct" "e_irrad" 
"ifelse" "integrate_xy" "eval" "eval" "with.default" "with" "irrad_spct" "e_irrad.source_spct" "e_irrad" 
"lapply" "do.call" "is.na.data.frame" "is.na" "is.na" "normalize_range_arg" "trim_waveband" "irrad_spct" "e_irrad.source_spct" "e_irrad" 
"names" "names" "setNames" "select_vars_" "select_.data.frame" "<Anonymous>" "irrad_spct" "e_irrad.source_spct" "e_irrad" 
"trim_waveband" "irrad_spct" "e_irrad.source_spct" "e_irrad" 
"trim_waveband" "irrad_spct" "e_irrad.source_spct" "e_irrad" 
"parse" "stopifnot" "lazy_" "as.lazy.character" "FUN" "lapply" "structure" "as.lazy_dots.list" "as.lazy_dots" "<Anonymous>" "select_.data.frame" "<Anonymous>" "irrad_spct" "e_irrad.source_spct" "e_irrad" 
"%||%" "names2" "select_vars_" "select_.data.frame" "<Anonymous>" "irrad_spct" "e_irrad.source_spct" "e_irrad" 
"q2e" "<Anonymous>" "irrad_spct" "e_irrad.source_spct" "e_irrad" 
"q2e" "<Anonymous>" "irrad_spct" "e_irrad.source_spct" "e_irrad" 
"q2e" "<Anonymous>" "irrad_spct" "e_irrad.source_spct" "e_irrad" 
"q2e" "<Anonymous>" "irrad_spct" "e_irrad.source_spct" "e_irrad" 
"irrad_spct" "e_irrad.source_spct" "e_irrad" 
"character" "match" "setdiff2" "select_vars_" "select_.data.frame" "<Anonymous>" "irrad_spct" "e_irrad.source_spct" "e_irrad" 
"paste" "trim_waveband" "irrad_spct" "e_irrad.source_spct" "e_irrad" 
"structure" "lazy_" "as.lazy.character" "FUN" "lapply" "structure" "as.lazy_dots.list" "as.lazy_dots" "<Anonymous>" "select_.data.frame" "<Anonymous>" "irrad_spct" "e_irrad.source_spct" "e_irrad" 
"isNamespace" "asNamespace" "getExportedValue" "::" "irrad_spct" "e_irrad.source_spct" "e_irrad" 
"parse" "stopifnot" "lazy_" "as.lazy.character" "FUN" "lapply" "structure" "as.lazy_dots.list" "as.lazy_dots" "<Anonymous>" "select_.data.frame" "<Anonymous>" "irrad_spct" "e_irrad.source_spct" "e_irrad" 
"parse" "stopifnot" "lazy_" "as.lazy.character" "FUN" "lapply" "structure" "as.lazy_dots.list" "as.lazy_dots" "<Anonymous>" "select_.data.frame" "<Anonymous>" "irrad_spct" "e_irrad.source_spct" "e_irrad" 
"as.list" "lapply" "<Anonymous>" "select_vars_" "select_.data.frame" "<Anonymous>" "irrad_spct" "e_irrad.source_spct" "e_irrad" 
"numeric" "<Anonymous>" "calc_multipliers" "irrad_spct" "e_irrad.source_spct" "e_irrad" 
"parent.frame" "match.call" "stopifnot" "srcfilecopy" "parse" "stopifnot" "lazy_" "as.lazy.character" "FUN" "lapply" "structure" "as.lazy_dots.list" "as.lazy_dots" "<Anonymous>" "select_.data.frame" "<Anonymous>" "irrad_spct" "e_irrad.source_spct" "e_irrad" 
"stopifnot" "lazy_" "as.lazy.character" "FUN" "lapply" "structure" "as.lazy_dots.list" "as.lazy_dots" "<Anonymous>" "select_.data.frame" "<Anonymous>" "irrad_spct" "e_irrad.source_spct" "e_irrad" 
"names<-" "select_vars_" "select_.data.frame" "<Anonymous>" "irrad_spct" "e_irrad.source_spct" "e_irrad" 
"as.environment" "exists" "q2e.source_spct" "q2e" "<Anonymous>" "irrad_spct" "e_irrad.source_spct" "e_irrad" 
"stopifnot" "lazy_" "as.lazy.character" "FUN" "lapply" "structure" "as.lazy_dots.list" "as.lazy_dots" "<Anonymous>" "select_.data.frame" "<Anonymous>" "irrad_spct" "e_irrad.source_spct" "e_irrad" 
"sys.call" "match.call" "stopifnot" "normalize_range_arg" "trim_waveband" "irrad_spct" "e_irrad.source_spct" "e_irrad" 
"e_irrad" 
".Call" "select_impl" "select_.data.frame" "<Anonymous>" "irrad_spct" "e_irrad.source_spct" "e_irrad" 
"cbind" "do.call" "is.na.data.frame" "is.na" "is.na" "normalize_range_arg" "trim_waveband" "irrad_spct" "e_irrad.source_spct" "e_irrad" 
"==" "ifelse" "integrate_xy" "eval" "eval" "with.default" "with" "irrad_spct" "e_irrad.source_spct" "e_irrad" 
"match" "%in%" "structure" "as.lazy_dots.list" "as.lazy_dots" "<Anonymous>" "select_.data.frame" "<Anonymous>" "irrad_spct" "e_irrad.source_spct" "e_irrad" 
"FUN" "lapply" "do.call" "is.na.data.frame" "is.na" "is.na" "normalize_range_arg" "trim_waveband" "irrad_spct" "e_irrad.source_spct" "e_irrad" 
"diff.default" "diff" "integrate_xy" "eval" "eval" "with.default" "with" "irrad_spct" "e_irrad.source_spct" "e_irrad" 
"ifelse" "paste" "trim_waveband" "irrad_spct" "e_irrad.source_spct" "e_irrad" 
"stopifnot" "lazy_" "as.lazy.character" "FUN" "lapply" "structure" "as.lazy_dots.list" "as.lazy_dots" "<Anonymous>" "select_.data.frame" "<Anonymous>" "irrad_spct" "e_irrad.source_spct" "e_irrad" 
"inherits" "is.lazy_dots" "<Anonymous>" "select_vars_" "select_.data.frame" "<Anonymous>" "irrad_spct" "e_irrad.source_spct" "e_irrad" 
"calc_multipliers" "irrad_spct" "e_irrad.source_spct" "e_irrad" 
"trim_waveband" "irrad_spct" "e_irrad.source_spct" "e_irrad" 
"parse" "stopifnot" "lazy_" "as.lazy.character" "FUN" "lapply" "structure" "as.lazy_dots.list" "as.lazy_dots" "<Anonymous>" "select_.data.frame" "<Anonymous>" "irrad_spct" "e_irrad.source_spct" "e_irrad" 
"calc_multipliers" "irrad_spct" "e_irrad.source_spct" "e_irrad" 
"vapply" "select_vars_" "select_.data.frame" "<Anonymous>" "irrad_spct" "e_irrad.source_spct" "e_irrad" 
"paste" "trim_waveband" "irrad_spct" "e_irrad.source_spct" "e_irrad" 
"calc_multipliers" "irrad_spct" "e_irrad.source_spct" "e_irrad" 
"ifelse" "integrate_xy" "eval" "eval" "with.default" "with" "irrad_spct" "e_irrad.source_spct" "e_irrad" 
"integrate_xy" "eval" "eval" "with.default" "with" "irrad_spct" "e_irrad.source_spct" "e_irrad" 
"calc_multipliers" "irrad_spct" "e_irrad.source_spct" "e_irrad" 
"parse" "stopifnot" "lazy_" "as.lazy.character" "FUN" "lapply" "structure" "as.lazy_dots.list" "as.lazy_dots" "<Anonymous>" "select_.data.frame" "<Anonymous>" "irrad_spct" "e_irrad.source_spct" "e_irrad" 
"cbind" "do.call" "is.na.data.frame" "is.na" "is.na" "normalize_range_arg" "trim_waveband" "irrad_spct" "e_irrad.source_spct" "e_irrad" 
"calc_multipliers" "irrad_spct" "e_irrad.source_spct" "e_irrad" 
"<Anonymous>" "calc_multipliers" "irrad_spct" "e_irrad.source_spct" "e_irrad" 
"$" "numeric" "calc_multipliers" "irrad_spct" "e_irrad.source_spct" "e_irrad" 
"vapply" "select_vars_" "select_.data.frame" "<Anonymous>" "irrad_spct" "e_irrad.source_spct" "e_irrad" 
"[[" "lapply" "<Anonymous>" "select_vars_" "select_.data.frame" "<Anonymous>" "irrad_spct" "e_irrad.source_spct" "e_irrad" 
"parse" "stopifnot" "lazy_" "as.lazy.character" "FUN" "lapply" "structure" "as.lazy_dots.list" "as.lazy_dots" "<Anonymous>" "select_.data.frame" "<Anonymous>" "irrad_spct" "e_irrad.source_spct" "e_irrad" 
"<Anonymous>" "[[.data.frame" "[[" "range.generic_spct" "normalize_range_arg" "trim_waveband" "irrad_spct" "e_irrad.source_spct" "e_irrad" 
"parse" "stopifnot" "lazy_" "as.lazy.character" "FUN" "lapply" "structure" "as.lazy_dots.list" "as.lazy_dots" "<Anonymous>" "select_.data.frame" "<Anonymous>" "irrad_spct" "e_irrad.source_spct" "e_irrad" 
"unique" "trim_waveband" "irrad_spct" "e_irrad.source_spct" "e_irrad" 
"ifelse" "integrate_xy" "eval" "eval" "with.default" "with" "irrad_spct" "e_irrad.source_spct" "e_irrad" 
"[[.data.frame" "[[" "range.generic_spct" "normalize_range_arg" "trim_waveband" "irrad_spct" "e_irrad.source_spct" "e_irrad" 
"all" "stopifnot" "normalize_range_arg" "trim_waveband" "irrad_spct" "e_irrad.source_spct" "e_irrad" 
"<Anonymous>" "irrad_spct" "e_irrad.source_spct" "e_irrad" 
"parse" "stopifnot" "lazy_" "as.lazy.character" "FUN" "lapply" "structure" "as.lazy_dots.list" "as.lazy_dots" "<Anonymous>" "select_.data.frame" "<Anonymous>" "irrad_spct" "e_irrad.source_spct" "e_irrad" 
"pmatch" ".deparseOpts" "deparse" "eval" "match.arg" "sort.int" "sort.default" "sort" "unique" "trim_waveband" "irrad_spct" "e_irrad.source_spct" "e_irrad" 
"grepl" "srcfilecopy" "parse" "stopifnot" "lazy_" "as.lazy.character" "FUN" "lapply" "structure" "as.lazy_dots.list" "as.lazy_dots" "<Anonymous>" "select_.data.frame" "<Anonymous>" "irrad_spct" "e_irrad.source_spct" "e_irrad" 
"parse" "stopifnot" "lazy_" "as.lazy.character" "FUN" "lapply" "structure" "as.lazy_dots.list" "as.lazy_dots" "<Anonymous>" "select_.data.frame" "<Anonymous>" "irrad_spct" "e_irrad.source_spct" "e_irrad" 
"structure" ".POSIXct" "Sys.time" "srcfilecopy" "parse" "stopifnot" "lazy_" "as.lazy.character" "FUN" "lapply" "structure" "as.lazy_dots.list" "as.lazy_dots" "<Anonymous>" "select_.data.frame" "<Anonymous>" "irrad_spct" "e_irrad.source_spct" "e_irrad" 
".POSIXct" "Sys.time" "srcfilecopy" "parse" "stopifnot" "lazy_" "as.lazy.character" "FUN" "lapply" "structure" "as.lazy_dots.list" "as.lazy_dots" "<Anonymous>" "select_.data.frame" "<Anonymous>" "irrad_spct" "e_irrad.source_spct" "e_irrad" 
"structure" ".POSIXct" "Sys.time" "srcfilecopy" "parse" "stopifnot" "lazy_" "as.lazy.character" "FUN" "lapply" "structure" "as.lazy_dots.list" "as.lazy_dots" "<Anonymous>" "select_.data.frame" "<Anonymous>" "irrad_spct" "e_irrad.source_spct" "e_irrad" 
"parse" "stopifnot" "lazy_" "as.lazy.character" "FUN" "lapply" "structure" "as.lazy_dots.list" "as.lazy_dots" "<Anonymous>" "select_.data.frame" "<Anonymous>" "irrad_spct" "e_irrad.source_spct" "e_irrad" 
"as.lazy_dots.lazy_dots" "<Anonymous>" "select_vars_" "select_.data.frame" "<Anonymous>" "irrad_spct" "e_irrad.source_spct" "e_irrad" 
"calc_multipliers" "irrad_spct" "e_irrad.source_spct" "e_irrad" 
"paste" "irrad_spct" "e_irrad.source_spct" "e_irrad" 
"pmatch" ".deparseOpts" "deparse" "eval" "match.arg" "sort.int" "sort.default" "sort" "unique" "trim_waveband" "irrad_spct" "e_irrad.source_spct" "e_irrad" 
"max.waveband" "max" "trim_waveband" "irrad_spct" "e_irrad.source_spct" "e_irrad" 
"c" "pmatch" ".deparseOpts" "deparse" "eval" "match.arg" "sort.int" "sort.default" "sort" "unique" "trim_waveband" "irrad_spct" "e_irrad.source_spct" "e_irrad" 
"stopifnot" "normalize_range_arg" "trim_waveband" "irrad_spct" "e_irrad.source_spct" "e_irrad" 
".getClassFromCache" "getClassDef" "is" "<Anonymous>" "getTimeUnit" "irrad_spct" "e_irrad.source_spct" "e_irrad" 
"cbind" "do.call" "is.na.data.frame" "is.na" "is.na" "normalize_range_arg" "trim_waveband" "irrad_spct" "e_irrad.source_spct" "e_irrad" 
"cbind" "do.call" "is.na.data.frame" "is.na" "is.na" "normalize_range_arg" "trim_waveband" "irrad_spct" "e_irrad.source_spct" "e_irrad" 
"getExportedValue" "::" "select_vars_" "select_.data.frame" "<Anonymous>" "irrad_spct" "e_irrad.source_spct" "e_irrad" 
"calc_multipliers" "irrad_spct" "e_irrad.source_spct" "e_irrad" 
"new_waveband" "CIE" "irrad_spct" "e_irrad.source_spct" "e_irrad" 
"list2env" "as.environment" "exists" "q2e.source_spct" "q2e" "<Anonymous>" "irrad_spct" "e_irrad.source_spct" "e_irrad" 
"is.na.data.frame" "is.na" "is.na" "normalize_range_arg" "trim_waveband" "irrad_spct" "e_irrad.source_spct" "e_irrad" 
"ifelse" "integrate_xy" "eval" "eval" "with.default" "with" "irrad_spct" "e_irrad.source_spct" "e_irrad" 
"min" "trim_waveband" "irrad_spct" "e_irrad.source_spct" "e_irrad" 
"length" "length" "new.env" "list2env" "as.environment" "exists" "q2e.source_spct" "q2e" "<Anonymous>" "irrad_spct" "e_irrad.source_spct" "e_irrad" 
"parse" "stopifnot" "lazy_" "as.lazy.character" "FUN" "lapply" "structure" "as.lazy_dots.list" "as.lazy_dots" "<Anonymous>" "select_.data.frame" "<Anonymous>" "irrad_spct" "e_irrad.source_spct" "e_irrad" 
"is.na" "is.na" "normalize_range_arg" "trim_waveband" "irrad_spct" "e_irrad.source_spct" "e_irrad" 
"integrate_xy" "eval" "eval" "with.default" "with" "irrad_spct" "e_irrad.source_spct" "e_irrad" 
"diff.default" "diff" "integrate_xy" "eval" "eval" "with.default" "with" "irrad_spct" "e_irrad.source_spct" "e_irrad" 
"structure" "as.lazy_dots.list" "as.lazy_dots" "<Anonymous>" "select_.data.frame" "<Anonymous>" "irrad_spct" "e_irrad.source_spct" "e_irrad" 
"irrad_spct" "e_irrad.source_spct" "e_irrad" 
"normalize_range_arg" "trim_waveband" "irrad_spct" "e_irrad.source_spct" "e_irrad" 
".Call" "combine_vars" "select_vars_" "select_.data.frame" "<Anonymous>" "irrad_spct" "e_irrad.source_spct" "e_irrad" 
"is.na" "is.na" "normalize_range_arg" "trim_waveband" "irrad_spct" "e_irrad.source_spct" "e_irrad" 
"get0" "getExportedValue" "::" "irrad_spct" "e_irrad.source_spct" "e_irrad" 
"paste" "trim_waveband" "irrad_spct" "e_irrad.source_spct" "e_irrad" 
"is_effective" "irrad_spct" "e_irrad.source_spct" "e_irrad" 
"integrate_xy" "eval" "eval" "with.default" "with" "irrad_spct" "e_irrad.source_spct" "e_irrad" 
"ifelse" "integrate_xy" "eval" "eval" "with.default" "with" "irrad_spct" "e_irrad.source_spct" "e_irrad" 
"integrate_xy" "eval" "eval" "with.default" "with" "irrad_spct" "e_irrad.source_spct" "e_irrad" 
"cbind" "do.call" "is.na.data.frame" "is.na" "is.na" "normalize_range_arg" "trim_waveband" "irrad_spct" "e_irrad.source_spct" "e_irrad" 
"%||%" "names2" "select_vars_" "select_.data.frame" "<Anonymous>" "irrad_spct" "e_irrad.source_spct" "e_irrad" 
"ifelse" "integrate_xy" "eval" "eval" "with.default" "with" "irrad_spct" "e_irrad.source_spct" "e_irrad" 
".Call" "combine_vars" "select_vars_" "select_.data.frame" "<Anonymous>" "irrad_spct" "e_irrad.source_spct" "e_irrad" 
"<Anonymous>" "calc_multipliers" "irrad_spct" "e_irrad.source_spct" "e_irrad" 
"integrate_xy" "eval" "eval" "with.default" "with" "irrad_spct" "e_irrad.source_spct" "e_irrad" 
"getClassDef" "is" "<Anonymous>" "getTimeUnit" "irrad_spct" "e_irrad.source_spct" "e_irrad" 
"numeric" "<Anonymous>" "calc_multipliers" "irrad_spct" "e_irrad.source_spct" "e_irrad" 
"as.environment" "as.environment" "exists" "q2e.source_spct" "q2e" "<Anonymous>" "irrad_spct" "e_irrad.source_spct" "e_irrad" 
"parse" "stopifnot" "lazy_" "as.lazy.character" "FUN" "lapply" "structure" "as.lazy_dots.list" "as.lazy_dots" "<Anonymous>" "select_.data.frame" "<Anonymous>" "irrad_spct" "e_irrad.source_spct" "e_irrad" 
"setdiff2" "select_vars_" "select_.data.frame" "<Anonymous>" "irrad_spct" "e_irrad.source_spct" "e_irrad" 
"lapply" "<Anonymous>" "select_vars_" "select_.data.frame" "<Anonymous>" "irrad_spct" "e_irrad.source_spct" "e_irrad" 
"range.generic_spct" "normalize_range_arg" "trim_waveband" "irrad_spct" "e_irrad.source_spct" "e_irrad" 
"<Anonymous>" "calc_multipliers" "irrad_spct" "e_irrad.source_spct" "e_irrad" 
".Call" "combine_vars" "select_vars_" "select_.data.frame" "<Anonymous>" "irrad_spct" "e_irrad.source_spct" "e_irrad" 
"<Anonymous>" "calc_multipliers" "irrad_spct" "e_irrad.source_spct" "e_irrad" 
"irrad_spct" "e_irrad.source_spct" "e_irrad" 
"getBSWFUsed" "is_effective.source_spct" "is_effective" "irrad_spct" "e_irrad.source_spct" "e_irrad" 
"normalize_range_arg" "trim_waveband" "irrad_spct" "e_irrad.source_spct" "e_irrad" 
"possibleExtends" "is" "<Anonymous>" "getTimeUnit" "irrad_spct" "e_irrad.source_spct" "e_irrad" 
"length" "length" "is.na.data.frame" "is.na" "is.na" "normalize_range_arg" "trim_waveband" "irrad_spct" "e_irrad.source_spct" "e_irrad" 
"[[" "range.generic_spct" "normalize_range_arg" "trim_waveband" "irrad_spct" "e_irrad.source_spct" "e_irrad" 
"with" "irrad_spct" "e_irrad.source_spct" "e_irrad" 
"%in%" "[[.data.frame" "[[" "range.generic_spct" "normalize_range_arg" "trim_waveband" "irrad_spct" "e_irrad.source_spct" "e_irrad" 
"match.call" "stopifnot" "lazy_" "as.lazy.character" "FUN" "lapply" "structure" "as.lazy_dots.list" "as.lazy_dots" "<Anonymous>" "select_.data.frame" "<Anonymous>" "irrad_spct" "e_irrad.source_spct" "e_irrad" 
"parse" "stopifnot" "lazy_" "as.lazy.character" "FUN" "lapply" "structure" "as.lazy_dots.list" "as.lazy_dots" "<Anonymous>" "select_.data.frame" "<Anonymous>" "irrad_spct" "e_irrad.source_spct" "e_irrad" 
"$" "calc_multipliers" "irrad_spct" "e_irrad.source_spct" "e_irrad" 
"select_vars_" "select_.data.frame" "<Anonymous>" "irrad_spct" "e_irrad.source_spct" "e_irrad" 
"$" "numeric" "calc_multipliers" "irrad_spct" "e_irrad.source_spct" "e_irrad" 
"match" "structure" "as.lazy_dots.list" "as.lazy_dots" "<Anonymous>" "select_.data.frame" "<Anonymous>" "irrad_spct" "e_irrad.source_spct" "e_irrad" 
"cbind" "do.call" "is.na.data.frame" "is.na" "is.na" "normalize_range_arg" "trim_waveband" "irrad_spct" "e_irrad.source_spct" "e_irrad" 
"FUN" "lapply" "do.call" "is.na.data.frame" "is.na" "is.na" "normalize_range_arg" "trim_waveband" "irrad_spct" "e_irrad.source_spct" "e_irrad" 
"ifelse" "integrate_xy" "eval" "eval" "with.default" "with" "irrad_spct" "e_irrad.source_spct" "e_irrad" 
"diff.default" "diff" "integrate_xy" "eval" "eval" "with.default" "with" "irrad_spct" "e_irrad.source_spct" "e_irrad" 
"isBaseNamespace" "getExportedValue" "::" "select_.data.frame" "<Anonymous>" "irrad_spct" "e_irrad.source_spct" "e_irrad" 
"possibleExtends" "is" "<Anonymous>" "getTimeUnit" "irrad_spct" "e_irrad.source_spct" "e_irrad" 
"select_impl" "select_.data.frame" "<Anonymous>" "irrad_spct" "e_irrad.source_spct" "e_irrad" 
"lapply" "<Anonymous>" "select_vars_" "select_.data.frame" "<Anonymous>" "irrad_spct" "e_irrad.source_spct" "e_irrad" 
"mode" "match" "%in%" "deparse" "eval" "match.arg" "sort.int" "sort.default" "sort" "unique" "trim_waveband" "irrad_spct" "e_irrad.source_spct" "e_irrad" 
"lapply" "do.call" "is.na.data.frame" "is.na" "is.na" "normalize_range_arg" "trim_waveband" "irrad_spct" "e_irrad.source_spct" "e_irrad" 
"<Anonymous>" "calc_multipliers" "irrad_spct" "e_irrad.source_spct" "e_irrad" 
"ifelse" "integrate_xy" "eval" "eval" "with.default" "with" "irrad_spct" "e_irrad.source_spct" "e_irrad" 
"sort" "unique" "trim_waveband" "irrad_spct" "e_irrad.source_spct" "e_irrad" 
"unclass" "as.list.data.frame" "as.list" "lapply" "do.call" "is.na.data.frame" "is.na" "is.na" "normalize_range_arg" "trim_waveband" "irrad_spct" "e_irrad.source_spct" "e_irrad" 
"c" "min.waveband" "min" "trim_waveband" "irrad_spct" "e_irrad.source_spct" "e_irrad" 
"parse" "stopifnot" "lazy_" "as.lazy.character" "FUN" "lapply" "structure" "as.lazy_dots.list" "as.lazy_dots" "<Anonymous>" "select_.data.frame" "<Anonymous>" "irrad_spct" "e_irrad.source_spct" "e_irrad" 
"range" "range" "range.generic_spct" "normalize_range_arg" "trim_waveband" "irrad_spct" "e_irrad.source_spct" "e_irrad" 
"$" "calc_multipliers" "irrad_spct" "e_irrad.source_spct" "e_irrad" 
"length" "select_vars_" "select_.data.frame" "<Anonymous>" "irrad_spct" "e_irrad.source_spct" "e_irrad" 
"is.factor" "unique.default" "unique" "trim_waveband" "irrad_spct" "e_irrad.source_spct" "e_irrad" 
"is_effective.source_spct" "is_effective" "irrad_spct" "e_irrad.source_spct" "e_irrad" 
"FUN" "lapply" "<Anonymous>" "select_vars_" "select_.data.frame" "<Anonymous>" "irrad_spct" "e_irrad.source_spct" "e_irrad" 
"parse" "stopifnot" "lazy_" "as.lazy.character" "FUN" "lapply" "structure" "as.lazy_dots.list" "as.lazy_dots" "<Anonymous>" "select_.data.frame" "<Anonymous>" "irrad_spct" "e_irrad.source_spct" "e_irrad" 
"eval" "FUN" "lapply" "<Anonymous>" "select_vars_" "select_.data.frame" "<Anonymous>" "irrad_spct" "e_irrad.source_spct" "e_irrad" 
"is.na" "possibleExtends" "is" "<Anonymous>" "getTimeUnit" "irrad_spct" "e_irrad.source_spct" "e_irrad" 
"<Anonymous>" "calc_multipliers" "irrad_spct" "e_irrad.source_spct" "e_irrad" 
"ifelse" "integrate_xy" "eval" "eval" "with.default" "with" "irrad_spct" "e_irrad.source_spct" "e_irrad" 
"<Anonymous>" "calc_multipliers" "irrad_spct" "e_irrad.source_spct" "e_irrad" 
"ifelse" "integrate_xy" "eval" "eval" "with.default" "with" "irrad_spct" "e_irrad.source_spct" "e_irrad" 
"ifelse" "integrate_xy" "eval" "eval" "with.default" "with" "irrad_spct" "e_irrad.source_spct" "e_irrad" 
"<Anonymous>" "calc_multipliers" "irrad_spct" "e_irrad.source_spct" "e_irrad" 
"*" "ifelse" "integrate_xy" "eval" "eval" "with.default" "with" "irrad_spct" "e_irrad.source_spct" "e_irrad" 
"match.arg" "sort.int" "sort.default" "sort" "unique" "trim_waveband" "irrad_spct" "e_irrad.source_spct" "e_irrad" 
"numeric" "calc_multipliers" "irrad_spct" "e_irrad.source_spct" "e_irrad" 
".getClassFromCache" "getClassDef" "is" "<Anonymous>" "getTimeUnit" "irrad_spct" "e_irrad.source_spct" "e_irrad" 
"FUN" "lapply" "do.call" "is.na.data.frame" "is.na" "is.na" "normalize_range_arg" "trim_waveband" "irrad_spct" "e_irrad.source_spct" "e_irrad" 
"<Anonymous>" "select_.data.frame" "<Anonymous>" "irrad_spct" "e_irrad.source_spct" "e_irrad" 
"parse" "stopifnot" "lazy_" "as.lazy.character" "FUN" "lapply" "structure" "as.lazy_dots.list" "as.lazy_dots" "<Anonymous>" "select_.data.frame" "<Anonymous>" "irrad_spct" "e_irrad.source_spct" "e_irrad" 
".getNamespaceInfo" "getExportedValue" "::" "getTimeUnit" "irrad_spct" "e_irrad.source_spct" "e_irrad" 
"integrate_xy" "eval" "eval" "with.default" "with" "irrad_spct" "e_irrad.source_spct" "e_irrad" 
"integrate_xy" "eval" "eval" "with.default" "with" "irrad_spct" "e_irrad.source_spct" "e_irrad" 
"integrate_xy" "eval" "eval" "with.default" "with" "irrad_spct" "e_irrad.source_spct" "e_irrad" 
"stopifnot" "normalize_range_arg" "trim_waveband" "irrad_spct" "e_irrad.source_spct" "e_irrad" 
"<Anonymous>" "calc_multipliers" "irrad_spct" "e_irrad.source_spct" "e_irrad" 
"diff.default" "diff" "integrate_xy" "eval" "eval" "with.default" "with" "irrad_spct" "e_irrad.source_spct" "e_irrad" 
"ifelse" "integrate_xy" "eval" "eval" "with.default" "with" "irrad_spct" "e_irrad.source_spct" "e_irrad" 
"new_waveband" "CIE" "irrad_spct" "e_irrad.source_spct" "e_irrad" 
"irrad_spct" "e_irrad.source_spct" "e_irrad" 
"structure" "as.lazy_dots.list" "as.lazy_dots" "<Anonymous>" "select_.data.frame" "<Anonymous>" "irrad_spct" "e_irrad.source_spct" "e_irrad" 
"$" "eval" "FUN" "lapply" "<Anonymous>" "select_vars_" "select_.data.frame" "<Anonymous>" "irrad_spct" "e_irrad.source_spct" "e_irrad" 
"ifelse" "integrate_xy" "eval" "eval" "with.default" "with" "irrad_spct" "e_irrad.source_spct" "e_irrad" 
"match.call" "stopifnot" "normalize_range_arg" "trim_waveband" "irrad_spct" "e_irrad.source_spct" "e_irrad" 
"as.environment" "as.environment" "exists" "q2e.source_spct" "q2e" "<Anonymous>" "irrad_spct" "e_irrad.source_spct" "e_irrad" 
"parse" "stopifnot" "lazy_" "as.lazy.character" "FUN" "lapply" "structure" "as.lazy_dots.list" "as.lazy_dots" "<Anonymous>" "select_.data.frame" "<Anonymous>" "irrad_spct" "e_irrad.source_spct" "e_irrad" 
"is.na" "is.na" "normalize_range_arg" "trim_waveband" "irrad_spct" "e_irrad.source_spct" "e_irrad" 
"ifelse" "integrate_xy" "eval" "eval" "with.default" "with" "irrad_spct" "e_irrad.source_spct" "e_irrad" 
"formals" "match.arg" "sort.int" "sort.default" "sort" "unique" "trim_waveband" "irrad_spct" "e_irrad.source_spct" "e_irrad" 
"parse" "stopifnot" "lazy_" "as.lazy.character" "FUN" "lapply" "structure" "as.lazy_dots.list" "as.lazy_dots" "<Anonymous>" "select_.data.frame" "<Anonymous>" "irrad_spct" "e_irrad.source_spct" "e_irrad" 
"%in%" "deparse" "eval" "match.arg" "sort.int" "sort.default" "sort" "unique" "trim_waveband" "irrad_spct" "e_irrad.source_spct" "e_irrad" 
"q2e" "<Anonymous>" "irrad_spct" "e_irrad.source_spct" "e_irrad" 
"is_normalized" "irrad_spct" "e_irrad.source_spct" "e_irrad" 
"$" "paste" "trim_waveband" "irrad_spct" "e_irrad.source_spct" "e_irrad" 
"parse" "stopifnot" "lazy_" "as.lazy.character" "FUN" "lapply" "structure" "as.lazy_dots.list" "as.lazy_dots" "<Anonymous>" "select_.data.frame" "<Anonymous>" "irrad_spct" "e_irrad.source_spct" "e_irrad" 
"parse" "stopifnot" "lazy_" "as.lazy.character" "FUN" "lapply" "structure" "as.lazy_dots.list" "as.lazy_dots" "<Anonymous>" "select_.data.frame" "<Anonymous>" "irrad_spct" "e_irrad.source_spct" "e_irrad" 
"calc_multipliers" "irrad_spct" "e_irrad.source_spct" "e_irrad" 
"calc_multipliers" "irrad_spct" "e_irrad.source_spct" "e_irrad" 
"$<-" "trim_waveband" "irrad_spct" "e_irrad.source_spct" "e_irrad" 
"parse" "stopifnot" "lazy_" "as.lazy.character" "FUN" "lapply" "structure" "as.lazy_dots.list" "as.lazy_dots" "<Anonymous>" "select_.data.frame" "<Anonymous>" "irrad_spct" "e_irrad.source_spct" "e_irrad" 
"match" "structure" ".POSIXct" "Sys.time" "srcfilecopy" "parse" "stopifnot" "lazy_" "as.lazy.character" "FUN" "lapply" "structure" "as.lazy_dots.list" "as.lazy_dots" "<Anonymous>" "select_.data.frame" "<Anonymous>" "irrad_spct" "e_irrad.source_spct" "e_irrad" 
"<Anonymous>" "calc_multipliers" "irrad_spct" "e_irrad.source_spct" "e_irrad" 
"as.lazy" "FUN" "lapply" "<Anonymous>" "select_vars_" "select_.data.frame" "<Anonymous>" "irrad_spct" "e_irrad.source_spct" "e_irrad" 
"<Anonymous>" "calc_multipliers" "irrad_spct" "e_irrad.source_spct" "e_irrad" 
"getClassDef" "is" "<Anonymous>" "getTimeUnit" "irrad_spct" "e_irrad.source_spct" "e_irrad" 
"ifelse" "integrate_xy" "eval" "eval" "with.default" "with" "irrad_spct" "e_irrad.source_spct" "e_irrad" 
"max" "range" "range" "range.generic_spct" "normalize_range_arg" "trim_waveband" "irrad_spct" "e_irrad.source_spct" "e_irrad" 
"ifelse" "integrate_xy" "eval" "eval" "with.default" "with" "irrad_spct" "e_irrad.source_spct" "e_irrad" 
"match.call" "stopifnot" "normalize_range_arg" "trim_waveband" "irrad_spct" "e_irrad.source_spct" "e_irrad" 
"trim_waveband" "irrad_spct" "e_irrad.source_spct" "e_irrad" 
"irrad_spct" "e_irrad.source_spct" "e_irrad" 
".getClassFromCache" "getClassDef" "is" "<Anonymous>" "getTimeUnit" "irrad_spct" "e_irrad.source_spct" "e_irrad" 
"calc_multipliers" "irrad_spct" "e_irrad.source_spct" "e_irrad" 
"getNamespace" "asNamespace" "getExportedValue" "::" "getTimeUnit" "irrad_spct" "e_irrad.source_spct" "e_irrad" 
"formals" "match.arg" "sort.int" "sort.default" "sort" "unique" "trim_waveband" "irrad_spct" "e_irrad.source_spct" "e_irrad" 
"ifelse" "integrate_xy" "eval" "eval" "with.default" "with" "irrad_spct" "e_irrad.source_spct" "e_irrad" 
"integrate_xy" "eval" "eval" "with.default" "with" "irrad_spct" "e_irrad.source_spct" "e_irrad" 
"length" "length" "select_vars_" "select_.data.frame" "<Anonymous>" "irrad_spct" "e_irrad.source_spct" "e_irrad" 
"unique.default" "unique" "trim_waveband" "irrad_spct" "e_irrad.source_spct" "e_irrad" 
"range" "range" "range.generic_spct" "normalize_range_arg" "trim_waveband" "irrad_spct" "e_irrad.source_spct" "e_irrad" 
"ifelse" "integrate_xy" "eval" "eval" "with.default" "with" "irrad_spct" "e_irrad.source_spct" "e_irrad" 
"getClassDef" "is" "<Anonymous>" "getTimeUnit" "irrad_spct" "e_irrad.source_spct" "e_irrad" 
"srcfilecopy" "parse" "stopifnot" "lazy_" "as.lazy.character" "FUN" "lapply" "structure" "as.lazy_dots.list" "as.lazy_dots" "<Anonymous>" "select_.data.frame" "<Anonymous>" "irrad_spct" "e_irrad.source_spct" "e_irrad" 
"<Anonymous>" "calc_multipliers" "irrad_spct" "e_irrad.source_spct" "e_irrad" 
"is.na" "is.na" "normalize_range_arg" "trim_waveband" "irrad_spct" "e_irrad.source_spct" "e_irrad" 
"structure" "as.lazy_dots.list" "as.lazy_dots" "<Anonymous>" "select_.data.frame" "<Anonymous>" "irrad_spct" "e_irrad.source_spct" "e_irrad" 
"parse" "stopifnot" "lazy_" "as.lazy.character" "FUN" "lapply" "structure" "as.lazy_dots.list" "as.lazy_dots" "<Anonymous>" "select_.data.frame" "<Anonymous>" "irrad_spct" "e_irrad.source_spct" "e_irrad" 
"calc_multipliers" "irrad_spct" "e_irrad.source_spct" "e_irrad" 
"match" "%in%" "[[.data.frame" "[[" "range.generic_spct" "normalize_range_arg" "trim_waveband" "irrad_spct" "e_irrad.source_spct" "e_irrad" 
"stopifnot" "srcfilecopy" "parse" "stopifnot" "lazy_" "as.lazy.character" "FUN" "lapply" "structure" "as.lazy_dots.list" "as.lazy_dots" "<Anonymous>" "select_.data.frame" "<Anonymous>" "irrad_spct" "e_irrad.source_spct" "e_irrad" 
"$" "irrad_spct" "e_irrad.source_spct" "e_irrad" 
"range" "range" "range.generic_spct" "normalize_range_arg" "trim_waveband" "irrad_spct" "e_irrad.source_spct" "e_irrad" 
"exists" "q2e.source_spct" "q2e" "<Anonymous>" "irrad_spct" "e_irrad.source_spct" "e_irrad" 
"setNames" "select_vars_" "select_.data.frame" "<Anonymous>" "irrad_spct" "e_irrad.source_spct" "e_irrad" 
"ifelse" "integrate_xy" "eval" "eval" "with.default" "with" "irrad_spct" "e_irrad.source_spct" "e_irrad" 
"sys.parent" "sys.function" "match.call" "stopifnot" "normalize_range_arg" "trim_waveband" "irrad_spct" "e_irrad.source_spct" "e_irrad" 
"parse" "stopifnot" "lazy_" "as.lazy.character" "FUN" "lapply" "structure" "as.lazy_dots.list" "as.lazy_dots" "<Anonymous>" "select_.data.frame" "<Anonymous>" "irrad_spct" "e_irrad.source_spct" "e_irrad" 
"new_waveband" "CIE" "irrad_spct" "e_irrad.source_spct" "e_irrad" 
"trim_waveband" "irrad_spct" "e_irrad.source_spct" "e_irrad" 
"parse" "stopifnot" "lazy_" "as.lazy.character" "FUN" "lapply" "structure" "as.lazy_dots.list" "as.lazy_dots" "<Anonymous>" "select_.data.frame" "<Anonymous>" "irrad_spct" "e_irrad.source_spct" "e_irrad" 
"parse" "stopifnot" "lazy_" "as.lazy.character" "FUN" "lapply" "structure" "as.lazy_dots.list" "as.lazy_dots" "<Anonymous>" "select_.data.frame" "<Anonymous>" "irrad_spct" "e_irrad.source_spct" "e_irrad" 
"parse" "stopifnot" "lazy_" "as.lazy.character" "FUN" "lapply" "structure" "as.lazy_dots.list" "as.lazy_dots" "<Anonymous>" "select_.data.frame" "<Anonymous>" "irrad_spct" "e_irrad.source_spct" "e_irrad" 
"FUN" "lapply" "<Anonymous>" "select_vars_" "select_.data.frame" "<Anonymous>" "irrad_spct" "e_irrad.source_spct" "e_irrad" 
"integrate_xy" "eval" "eval" "with.default" "with" "irrad_spct" "e_irrad.source_spct" "e_irrad" 
"getNamespace" "asNamespace" "getExportedValue" "::" "select_vars_" "select_.data.frame" "<Anonymous>" "irrad_spct" "e_irrad.source_spct" "e_irrad" 
"FUN" "lapply" "<Anonymous>" "select_vars_" "select_.data.frame" "<Anonymous>" "irrad_spct" "e_irrad.source_spct" "e_irrad" 
"integrate_xy" "eval" "eval" "with.default" "with" "irrad_spct" "e_irrad.source_spct" "e_irrad" 
"$.data.frame" "$" "numeric" "calc_multipliers" "irrad_spct" "e_irrad.source_spct" "e_irrad" 
"calc_multipliers" "irrad_spct" "e_irrad.source_spct" "e_irrad" 
"stopifnot" "lazy_" "as.lazy.character" "FUN" "lapply" "structure" "as.lazy_dots.list" "as.lazy_dots" "<Anonymous>" "select_.data.frame" "<Anonymous>" "irrad_spct" "e_irrad.source_spct" "e_irrad" 
"stopifnot" "srcfilecopy" "parse" "stopifnot" "lazy_" "as.lazy.character" "FUN" "lapply" "structure" "as.lazy_dots.list" "as.lazy_dots" "<Anonymous>" "select_.data.frame" "<Anonymous>" "irrad_spct" "e_irrad.source_spct" "e_irrad" 
"as.character" "::" "select_.data.frame" "<Anonymous>" "irrad_spct" "e_irrad.source_spct" "e_irrad" 
"parse" "stopifnot" "lazy_" "as.lazy.character" "FUN" "lapply" "structure" "as.lazy_dots.list" "as.lazy_dots" "<Anonymous>" "select_.data.frame" "<Anonymous>" "irrad_spct" "e_irrad.source_spct" "e_irrad" 
"range" "range" "range.generic_spct" "normalize_range_arg" "trim_waveband" "irrad_spct" "e_irrad.source_spct" "e_irrad" 
"parse" "stopifnot" "lazy_" "as.lazy.character" "FUN" "lapply" "structure" "as.lazy_dots.list" "as.lazy_dots" "<Anonymous>" "select_.data.frame" "<Anonymous>" "irrad_spct" "e_irrad.source_spct" "e_irrad" 
"seq_along" "as.list" "setNames" "select_vars_" "select_.data.frame" "<Anonymous>" "irrad_spct" "e_irrad.source_spct" "e_irrad" 
"names" "match" "%in%" "[[.data.frame" "[[" "range.generic_spct" "normalize_range_arg" "trim_waveband" "irrad_spct" "e_irrad.source_spct" "e_irrad" 
"sys.call" "match" "%in%" "[[.data.frame" "[[" "range.generic_spct" "normalize_range_arg" "trim_waveband" "irrad_spct" "e_irrad.source_spct" "e_irrad" 
"c" "min.waveband" "min" "trim_waveband" "irrad_spct" "e_irrad.source_spct" "e_irrad" 
"trim_waveband" "irrad_spct" "e_irrad.source_spct" "e_irrad" 
"getExportedValue" "::" "irrad_spct" "e_irrad.source_spct" "e_irrad" 
"parse" "stopifnot" "lazy_" "as.lazy.character" "FUN" "lapply" "structure" "as.lazy_dots.list" "as.lazy_dots" "<Anonymous>" "select_.data.frame" "<Anonymous>" "irrad_spct" "e_irrad.source_spct" "e_irrad" 
"inherits" "is.lazy_dots" "FUN" "lapply" "<Anonymous>" "select_vars_" "select_.data.frame" "<Anonymous>" "irrad_spct" "e_irrad.source_spct" "e_irrad" 
".getClassFromCache" "getClassDef" "is" "<Anonymous>" "getTimeUnit" "irrad_spct" "e_irrad.source_spct" "e_irrad" 
"q2e" "<Anonymous>" "irrad_spct" "e_irrad.source_spct" "e_irrad" 
"is.na" "normalize_range_arg" "trim_waveband" "irrad_spct" "e_irrad.source_spct" "e_irrad" 
"getExportedValue" "::" "select_vars_" "select_.data.frame" "<Anonymous>" "irrad_spct" "e_irrad.source_spct" "e_irrad" 
"deparse" "eval" "match.arg" "sort.int" "sort.default" "sort" "unique" "trim_waveband" "irrad_spct" "e_irrad.source_spct" "e_irrad" 
"<Anonymous>" "calc_multipliers" "irrad_spct" "e_irrad.source_spct" "e_irrad" 
"irrad_spct" "e_irrad.source_spct" "e_irrad" 
"with" "irrad_spct" "e_irrad.source_spct" "e_irrad" 
"$<-" "trim_waveband" "irrad_spct" "e_irrad.source_spct" "e_irrad" 
"stopifnot" "lazy_" "as.lazy.character" "FUN" "lapply" "structure" "as.lazy_dots.list" "as.lazy_dots" "<Anonymous>" "select_.data.frame" "<Anonymous>" "irrad_spct" "e_irrad.source_spct" "e_irrad" 
"parse" "stopifnot" "lazy_" "as.lazy.character" "FUN" "lapply" "structure" "as.lazy_dots.list" "as.lazy_dots" "<Anonymous>" "select_.data.frame" "<Anonymous>" "irrad_spct" "e_irrad.source_spct" "e_irrad" 
"parse" "stopifnot" "lazy_" "as.lazy.character" "FUN" "lapply" "structure" "as.lazy_dots.list" "as.lazy_dots" "<Anonymous>" "select_.data.frame" "<Anonymous>" "irrad_spct" "e_irrad.source_spct" "e_irrad" 
"select_vars_" "select_.data.frame" "<Anonymous>" "irrad_spct" "e_irrad.source_spct" "e_irrad" 
"match.call" "stopifnot" "lazy_" "as.lazy.character" "FUN" "lapply" "structure" "as.lazy_dots.list" "as.lazy_dots" "<Anonymous>" "select_.data.frame" "<Anonymous>" "irrad_spct" "e_irrad.source_spct" "e_irrad" 
"$" "calc_multipliers" "irrad_spct" "e_irrad.source_spct" "e_irrad" 
"trim_waveband" "irrad_spct" "e_irrad.source_spct" "e_irrad" 
"sort" "unique" "trim_waveband" "irrad_spct" "e_irrad.source_spct" "e_irrad" 
"parse" "stopifnot" "lazy_" "as.lazy.character" "FUN" "lapply" "structure" "as.lazy_dots.list" "as.lazy_dots" "<Anonymous>" "select_.data.frame" "<Anonymous>" "irrad_spct" "e_irrad.source_spct" "e_irrad" 
"select_vars_" "select_.data.frame" "<Anonymous>" "irrad_spct" "e_irrad.source_spct" "e_irrad" 
"calc_multipliers" "irrad_spct" "e_irrad.source_spct" "e_irrad" 
".identC" "is" "<Anonymous>" "getTimeUnit" "irrad_spct" "e_irrad.source_spct" "e_irrad" 
"sort.default" "sort" "unique" "trim_waveband" "irrad_spct" "e_irrad.source_spct" "e_irrad" 
"match" "%in%" "structure" ".POSIXct" "Sys.time" "srcfilecopy" "parse" "stopifnot" "lazy_" "as.lazy.character" "FUN" "lapply" "structure" "as.lazy_dots.list" "as.lazy_dots" "<Anonymous>" "select_.data.frame" "<Anonymous>" "irrad_spct" "e_irrad.source_spct" "e_irrad" 
"$" "irrad_spct" "e_irrad.source_spct" "e_irrad" 
"diff.default" "diff" "integrate_xy" "eval" "eval" "with.default" "with" "irrad_spct" "e_irrad.source_spct" "e_irrad" 
".deparseOpts" "deparse" "eval" "match.arg" "sort.int" "sort.default" "sort" "unique" "trim_waveband" "irrad_spct" "e_irrad.source_spct" "e_irrad" 
"structure" "lazy_" "as.lazy.character" "FUN" "lapply" "structure" "as.lazy_dots.list" "as.lazy_dots" "<Anonymous>" "select_.data.frame" "<Anonymous>" "irrad_spct" "e_irrad.source_spct" "e_irrad" 
"paste" "trim_waveband" "irrad_spct" "e_irrad.source_spct" "e_irrad" 
"calc_multipliers" "irrad_spct" "e_irrad.source_spct" "e_irrad" 
".identC" "possibleExtends" "is" "<Anonymous>" "getTimeUnit" "irrad_spct" "e_irrad.source_spct" "e_irrad" 
"unclass" "diff.default" "diff" "integrate_xy" "eval" "eval" "with.default" "with" "irrad_spct" "e_irrad.source_spct" "e_irrad" 
".getClassFromCache" "getClassDef" "is" "<Anonymous>" "getTimeUnit" "irrad_spct" "e_irrad.source_spct" "e_irrad" 
"parse" "stopifnot" "lazy_" "as.lazy.character" "FUN" "lapply" "structure" "as.lazy_dots.list" "as.lazy_dots" "<Anonymous>" "select_.data.frame" "<Anonymous>" "irrad_spct" "e_irrad.source_spct" "e_irrad" 
"::" "select_.data.frame" "<Anonymous>" "irrad_spct" "e_irrad.source_spct" "e_irrad" 
"stopifnot" "normalize_range_arg" "trim_waveband" "irrad_spct" "e_irrad.source_spct" "e_irrad" 
"possibleExtends" "is" "<Anonymous>" "getTimeUnit" "irrad_spct" "e_irrad.source_spct" "e_irrad" 
"<Anonymous>" "calc_multipliers" "irrad_spct" "e_irrad.source_spct" "e_irrad" 
"names<-" "select_vars_" "select_.data.frame" "<Anonymous>" "irrad_spct" "e_irrad.source_spct" "e_irrad" 
"names" "names" "setNames" "select_vars_" "select_.data.frame" "<Anonymous>" "irrad_spct" "e_irrad.source_spct" "e_irrad" 
"parent.frame" "eval" "with.default" "with" "irrad_spct" "e_irrad.source_spct" "e_irrad" 
"new_waveband" "CIE" "irrad_spct" "e_irrad.source_spct" "e_irrad" 
"diff.default" "diff" "integrate_xy" "eval" "eval" "with.default" "with" "irrad_spct" "e_irrad.source_spct" "e_irrad" 
"ifelse" "integrate_xy" "eval" "eval" "with.default" "with" "irrad_spct" "e_irrad.source_spct" "e_irrad" 
"anyNA" "stopifnot" "normalize_range_arg" "trim_waveband" "irrad_spct" "e_irrad.source_spct" "e_irrad" 
"parse" "stopifnot" "lazy_" "as.lazy.character" "FUN" "lapply" "structure" "as.lazy_dots.list" "as.lazy_dots" "<Anonymous>" "select_.data.frame" "<Anonymous>" "irrad_spct" "e_irrad.source_spct" "e_irrad" 
"parse" "stopifnot" "lazy_" "as.lazy.character" "FUN" "lapply" "structure" "as.lazy_dots.list" "as.lazy_dots" "<Anonymous>" "select_.data.frame" "<Anonymous>" "irrad_spct" "e_irrad.source_spct" "e_irrad" 
"calc_multipliers" "irrad_spct" "e_irrad.source_spct" "e_irrad" 
"calc_multipliers" "irrad_spct" "e_irrad.source_spct" "e_irrad" 
"sys.call" "match.call" "stopifnot" "normalize_range_arg" "trim_waveband" "irrad_spct" "e_irrad.source_spct" "e_irrad" 
"sort" "unique" "trim_waveband" "irrad_spct" "e_irrad.source_spct" "e_irrad" 
"match.call" "stopifnot" "srcfilecopy" "parse" "stopifnot" "lazy_" "as.lazy.character" "FUN" "lapply" "structure" "as.lazy_dots.list" "as.lazy_dots" "<Anonymous>" "select_.data.frame" "<Anonymous>" "irrad_spct" "e_irrad.source_spct" "e_irrad" 
"select_vars_" "select_.data.frame" "<Anonymous>" "irrad_spct" "e_irrad.source_spct" "e_irrad" 
"calc_multipliers" "irrad_spct" "e_irrad.source_spct" "e_irrad" 
"setNames" "select_vars_" "select_.data.frame" "<Anonymous>" "irrad_spct" "e_irrad.source_spct" "e_irrad" 
"::" "getTimeUnit" "irrad_spct" "e_irrad.source_spct" "e_irrad" 
"min.waveband" "min" "trim_waveband" "irrad_spct" "e_irrad.source_spct" "e_irrad" 
"paste" "trim_waveband" "irrad_spct" "e_irrad.source_spct" "e_irrad" 
"diff.default" "diff" "integrate_xy" "eval" "eval" "with.default" "with" "irrad_spct" "e_irrad.source_spct" "e_irrad" 
"is_effective" "irrad_spct" "e_irrad.source_spct" "e_irrad" 
"paste" "new_waveband" "CIE" "irrad_spct" "e_irrad.source_spct" "e_irrad" 
"integrate_xy" "eval" "eval" "with.default" "with" "irrad_spct" "e_irrad.source_spct" "e_irrad" 
"stopifnot" "lazy_" "as.lazy.character" "FUN" "lapply" "structure" "as.lazy_dots.list" "as.lazy_dots" "<Anonymous>" "select_.data.frame" "<Anonymous>" "irrad_spct" "e_irrad.source_spct" "e_irrad" 
"irrad_spct" "e_irrad.source_spct" "e_irrad" 
"match" "%in%" "irrad_spct" "e_irrad.source_spct" "e_irrad" 
"integrate_xy" "eval" "eval" "with.default" "with" "irrad_spct" "e_irrad.source_spct" "e_irrad" 
"paste" "irrad_spct" "e_irrad.source_spct" "e_irrad" 
"ifelse" "integrate_xy" "eval" "eval" "with.default" "with" "irrad_spct" "e_irrad.source_spct" "e_irrad" 
"irrad_spct" "e_irrad.source_spct" "e_irrad" 
"sort" "unique" "trim_waveband" "irrad_spct" "e_irrad.source_spct" "e_irrad" 
