sample.interval=100
"e2q" 
"e2q" 
"e2q" 
"e2q" 
"e2q" 
"e2q" 
"e2q" 
"e2q" 
"e2q" 
"e2q" 
"e2q" 
"e2q" 
"e2q" 
"e2q" 
"e2q" 
"e2q" 
"e2q" 
"e2q" 
"e2q" 
"e2q" 
"e2q" 
"e2q" 
"e2q" 
"e2q" 
"e2q" 
"e2q" 
"e2q" 
"e2q" 
"e2q" 
"e2q" 
"e2q" 
"e2q" 
"e2q" 
"e2q" 
"e2q" 
"e2q" 
"e2q" 
"e2q" 
"e2q" 
"e2q" 
"e2q" 
"e2q" 
"e2q" 
"e2q" 
"e2q" 
"e2q" 
"e2q" 
"e2q" 
"e2q" 
"e2q" 
"e2q" 
"e2q" 
"e2q" 
"e2q" 
"e2q" 
"e2q" 
"e2q" 
"e2q" 
"e2q" 
"e2q" 
"e2q" 
"e2q" 
"e2q" 
"e2q" 
"e2q" 
"e2q" 
"e2q" 
"e2q" 
"e2q" 
"e2q" 
"e2q" 
"e2q" 
"e2q" 
"e2q" 
"e2q" 
"e2q" 
"e2q" 
"e2q" 
"e2q" 
"e2q" 
"e2q" 
"e2q" 
"e2q" 
"e2q" 
"e2q" 
"e2q" 
"e2q" 
"e2q" 
"e2q" 
"e2q" 
"e2q" 
"e2q" 
"e2q" 
"e2q" 
"e2q" 
"e2q" 
"e2q" 
"e2q" 
"e2q" 
"e2q" 
"e2q" 
"e2q" 
"e2q" 
"e2q" 
"e2q" 
"e2q" 
"e2q" 
"e2q" 
"e2q" 
"e2q" 
"e2q" 
"e2q" 
"e2q" 
"e2q" 
"e2q" 
"e2q" 
"e2q" 
"e2q" 
"e2q" 
"e2q" 
"e2q" 
"e2q" 
"e2q" 
"e2q" 
"e2q" 
"e2q" 
"e2q" 
"e2q" 
"e2q" 
"e2q" 
"e2q" 
"e2q" 
"e2q" 
"e2q" 
"e2q" 
"e2q" 
"e2q" 
"e2q" 
"e2q" 
"e2q" 
"e2q" 
"e2q" 
"e2q" 
"e2q" 
"e2q" 
"e2q" 
"e2q" 
"e2q" 
"e2q" 
"e2q" 
"e2q" 
"e2q" 
"e2q" 
"e2q" 
"e2q" 
"e2q" 
"e2q" 
"e2q" 
"e2q" 
"e2q" 
"e2q" 
"e2q" 
"e2q" 
"e2q" 
"e2q" 
"e2q" 
"e2q" 
"e2q" 
"e2q" 
"e2q" 
"e2q" 
"e2q" 
"e2q" 
"e2q" 
"e2q" 
"e2q" 
"e2q" 
"sys.calls" ".rs.recordTraceback" "<Anonymous>" "e2q" 
"sys.calls" ".rs.recordTraceback" "<Anonymous>" "e2q" 
".rs.recordTraceback" "<Anonymous>" "e2q" 
".rs.recordTraceback" "<Anonymous>" "e2q" 
".rs.recordTraceback" "<Anonymous>" "e2q" 
"length" ".rs.recordTraceback" "<Anonymous>" "e2q" 
"<" ".rs.recordTraceback" "<Anonymous>" "e2q" 
".rs.recordTraceback" "<Anonymous>" "e2q" 
".rs.recordTraceback" "<Anonymous>" "e2q" 
".rs.recordTraceback" "<Anonymous>" "e2q" 
".rs.recordTraceback" "<Anonymous>" "e2q" 
".rs.recordTraceback" "<Anonymous>" "e2q" 
".rs.recordTraceback" "<Anonymous>" "e2q" 
"<Anonymous>" "e2q" 
"e2q" 
"e2q" 
"e2q" 
"e2q" 
"e2q" 
"e2q" 
"e2q" 
"e2q" 
"e2q" 
"e2q" 
"e2q" 
"e2q" 
"e2q" 
"Rprof" 
"Rprof" 
"Rprof" 
"Rprof" 
"Rprof" 
"Rprof" 
".External" "Rprof" 
".External" "Rprof" 
".External" "Rprof" 
".External" "Rprof" 
".External" "Rprof" 
".External" "Rprof" 
